-21680
42 20 90
94 21 78
20 32 75
2 62 74
46 34 72
66 4 67
30 44 66
52 23 66
21 68 62
77 70 60
10 89 60
98 82 58
74 1 57
97 83 56
11 54 55
23 64 55
96 59 54
51 47 53
29 46 53
79 77 53
28 78 52
25 71 52
29 64 51
77 44 51
12 53 51
20 61 50
0 40 50
8 23 49
67 34 48
29 90 46
43 62 46
75 77 45
37 61 45
75 43 45
5 21 44
58 28 44
80 11 43
63 72 43
61 83 41
14 26 40
62 71 40
33 39 39
51 89 39
77 1 39
66 46 37
0 43 36
21 34 36
24 34 36
39 82 35
52 46 35
81 26 35
8 74 35
46 3 35
3 62 35
26 65 35
84 78 32
86 42 32
5 64 31
63 86 31
7 4 31
96 40 30
81 90 30
39 78 30
39 64 29
36 84 29
54 76 28
40 22 28
92 99 26
60 49 26
96 25 25
3 19 25
31 42 25
84 69 25
13 55 24
75 6 24
64 95 22
68 34 22
27 89 22
27 20 21
67 99 21
98 25 20
79 46 20
97 39 20
91 73 19
94 16 19
92 61 19
50 15 19
72 61 18
70 83 17
56 89 17
24 78 17
59 68 16
73 72 16
58 81 16
57 93 15
67 4 15
71 89 15
12 64 14
28 34 14
13 64 14
48 76 14
63 3 12
97 11 12
35 61 11
53 82 11
10 94 11
40 64 10
4 61 10
0 21 8
59 11 8
57 59 7
2 64 7
94 83 7
23 95 7
12 22 7
77 3 7
38 20 6
2 15 5
12 58 5
16 99 4
92 95 4
40 26 3
12 24 2
63 74 2
41 34 2
21 25 2
12 56 2
98 44 2
50 72 1
21 41 0
31 2 0
59 12 -1
72 53 -1
39 8 -2
25 72 -2
12 73 -2
27 88 -2
74 76 -2
58 96 -2
57 52 -3
16 61 -3
56 42 -3
8 79 -3
47 20 -3
58 93 -3
97 56 -3
98 40 -3
12 2 -3
75 40 -3
77 32 -4
75 24 -4
2 18 -4
17 39 -4
48 21 -4
48 13 -5
75 84 -5
55 52 -5
66 55 -6
59 94 -6
9 48 -6
3 67 -6
46 23 -6
73 64 -6
32 2 -7
17 54 -7
99 61 -7
25 87 -7
12 48 -8
82 43 -8
86 99 -8
67 58 -9
86 89 -9
79 25 -9
56 61 -10
8 51 -10
89 64 -10
72 36 -11
54 98 -11
0 20 -12
13 76 -12
23 69 -12
25 59 -13
91 52 -13
22 82 -14
37 44 -14
15 51 -14
83 13 -15
35 57 -15
40 58 -15
69 34 -16
88 63 -16
5 70 -16
76 80 -16
46 8 -16
79 87 -17
27 7 -17
18 28 -17
78 57 -18
77 98 -18
37 59 -18
78 41 -19
0 16 -19
63 37 -19
64 35 -19
7 28 -19
1 38 -19
32 88 -19
31 26 -20
46 35 -20
70 73 -20
35 93 -20
77 28 -20
50 98 -20
13 19 -21
55 81 -21
37 27 -21
36 58 -21
4 69 -21
11 93 -21
80 97 -22
33 35 -22
56 22 -22
32 92 -22
31 19 -23
72 16 -23
35 72 -23
36 30 -23
74 32 -23
0 27 -23
40 94 -24
24 11 -24
34 23 -24
89 98 -24
17 56 -24
97 60 -24
66 18 -25
11 66 -25
43 49 -25
92 81 -25
3 65 -25
33 72 -25
81 59 -25
95 69 -25
10 99 -25
17 95 -25
74 40 -26
80 54 -26
60 75 -26
43 7 -26
19 55 -26
54 18 -26
38 30 -26
23 72 -27
23 15 -27
54 22 -28
72 17 -28
47 62 -28
34 86 -29
34 7 -29
35 14 -29
86 71 -29
4 42 -30
98 24 -30
65 30 -30
3 21 -30
48 15 -30
81 13 -31
20 87 -31
50 35 -31
7 17 -31
84 98 -31
55 35 -32
43 47 -32
56 84 -32
56 37 -32
53 68 -32
93 85 -32
62 47 -32
59 23 -33
16 25 -33
70 17 -33
47 5 -33
18 24 -33
48 10 -33
57 74 -33
69 4 -34
20 64 -34
4 1 -34
7 19 -34
13 50 -34
18 34 -35
59 47 -35
15 13 -35
30 55 -35
18 94 -35
30 35 -36
97 2 -36
4 26 -36
61 93 -36
15 14 -37
14 88 -37
77 17 -37
21 56 -37
76 33 -37
94 55 -37
59 76 -38
74 56 -38
53 8 -38
54 29 -38
6 35 -38
39 76 -38
58 2 -38
95 14 -38
14 87 -39
47 56 -39
41 39 -39
71 10 -39
91 48 -39
69 85 -39
51 91 -40
58 6 -40
48 90 -40
92 2 -40
39 46 -41
76 66 -41
62 52 -41
2 95 -41
68 7 -42
29 26 -42
18 2 -42
75 95 -43
0 58 -43
87 31 -43
6 14 -43
90 89 -43
47 36 -43
49 34 -44
39 63 -44
53 80 -44
74 80 -44
89 84 -44
50 26 -44
53 14 -45
17 55 -45
98 93 -45
59 79 -45
3 56 -46
81 65 -46
20 85 -46
79 3 -46
97 35 -47
41 92 -47
61 54 -47
47 37 -47
46 74 -47
2 60 -47
83 39 -47
90 23 -48
53 43 -49
2 27 -49
22 52 -49
36 72 -49
0 12 -50
69 88 -50
52 97 -50
90 6 -51
46 66 -51
95 22 -51
19 47 -51
67 84 -51
42 21 -51
3 46 -51
82 48 -52
15 53 -52
89 37 -52
4 66 -52
5 92 -52
14 54 -52
46 12 -52
12 71 -52
17 28 -52
86 74 -52
52 22 -53
48 18 -53
18 83 -53
84 75 -53
61 66 -53
67 66 -53
69 25 -53
5 31 -54
0 63 -54
3 91 -54
43 67 -54
30 84 -55
22 33 -55
60 91 -55
59 24 -55
32 30 -55
78 10 -55
59 8 -55
54 97 -55
85 8 -56
14 1 -56
40 69 -56
45 29 -56
40 4 -56
78 67 -56
99 96 -57
79 30 -57
56 95 -57
20 69 -57
47 82 -57
45 95 -57
68 92 -58
30 45 -58
95 5 -59
85 3 -59
15 45 -59
92 55 -59
9 77 -59
38 85 -59
76 63 -60
6 56 -60
70 77 -60
1 79 -60
35 34 -60
99 67 -61
78 22 -61
36 83 -61
82 38 -61
62 95 -61
50 46 -61
88 33 -61
51 97 -62
97 54 -62
52 86 -62
79 71 -62
78 11 -63
43 84 -63
19 7 -63
50 6 -63
31 84 -64
91 76 -64
99 81 -64
63 73 -64
66 49 -65
85 46 -65
29 99 -66
20 54 -66
29 60 -66
32 57 -66
2 42 -66
50 60 -66
76 55 -67
35 64 -67
61 30 -67
4 14 -67
63 66 -68
9 5 -68
83 72 -68
79 58 -69
16 97 -69
86 91 -69
68 93 -70
59 28 -70
7 65 -70
53 65 -70
60 86 -70
53 93 -70
28 9 -70
32 27 -70
94 64 -71
68 52 -71
95 37 -71
14 30 -72
51 98 -72
81 19 -72
68 23 -72
62 24 -73
60 33 -73
34 68 -73
10 88 -73
93 63 -73
96 78 -74
94 39 -74
47 93 -74
48 53 -74
9 16 -74
58 10 -74
61 71 -74
20 55 -74
64 42 -74
88 97 -74
47 88 -75
15 72 -75
61 25 -75
57 41 -75
21 32 -75
80 66 -75
50 70 -76
48 87 -76
60 63 -77
31 12 -77
6 1 -77
10 90 -77
90 22 -78
21 47 -78
59 20 -78
34 60 -79
94 24 -79
83 31 -79
78 6 -79
36 18 -79
94 13 -79
20 27 -79
2 49 -79
89 4 -80
2 80 -80
87 81 -80
62 45 -80
96 42 -80
76 86 -80
75 69 -80
84 50 -81
93 4 -81
36 87 -81
88 55 -82
53 54 -82
46 13 -82
45 6 -82
3 8 -83
18 95 -83
14 97 -83
93 24 -83
80 68 -84
66 9 -84
23 25 -84
49 6 -84
71 68 -84
98 94 -84
23 56 -84
6 52 -84
79 51 -84
96 46 -84
50 76 -85
27 55 -85
21 84 -85
79 26 -86
36 0 -86
1 47 -86
53 52 -86
68 79 -86
67 49 -86
46 84 -86
82 97 -87
37 33 -87
85 86 -87
15 20 -87
6 77 -87
43 12 -87
6 64 -87
25 9 -88
40 76 -88
84 45 -88
22 3 -88
88 78 -88
70 8 -88
75 44 -88
23 82 -89
10 12 -89
93 3 -89
36 54 -89
0 83 -89
72 98 -90
4 2 -90
16 39 -90
21 72 -91
88 79 -91
85 69 -91
42 72 -91
72 69 -91
70 7 -91
59 48 -92
3 66 -92
49 24 -92
50 66 -92
90 32 -92
52 48 -93
16 1 -93
40 41 -93
97 27 -93
26 16 -93
20 82 -93
73 25 -93
84 41 -93
16 30 -94
94 74 -94
85 57 -94
35 73 -94
83 20 -95
27 98 -95
85 23 -96
87 88 -96
57 97 -96
51 6 -96
48 14 -96
35 22 -96
54 88 -97
43 65 -97
61 49 -97
77 47 -97
26 23 -97
50 83 -98
62 39 -98
34 77 -98
65 58 -98
98 0 -98
96 88 -98
16 51 -98
91 3 -99
99 27 -99
37 45 -99
47 78 -100
87 1 -100
74 73 -100
66 14 -100
